c:\users\rayen\documents\github\project\c++ projects\chat application\chat application\x64\debug\chatapplication.loginform.resources
c:\users\rayen\documents\github\project\c++ projects\chat application\chat application\x64\debug\chatapplication.mainform.resources
c:\users\rayen\documents\github\project\c++ projects\chat application\chat application\x64\debug\vc143.pdb
c:\users\rayen\documents\github\project\c++ projects\chat application\chat application\x64\debug\.netframework,version=v4.7.2.assemblyattributes.obj
c:\users\rayen\documents\github\project\c++ projects\chat application\chat application\x64\debug\mainform.obj
c:\users\rayen\documents\github\project\c++ projects\chat application\chat application\x64\debug\loginform.obj
c:\users\rayen\documents\github\project\c++ projects\chat application\chat application\x64\debug\chat application.vcxproj.assemblyreference.cache
c:\users\rayen\documents\github\project\c++ projects\chat application\chat application\x64\debug\chat application.vcxproj.generateresource.cache
c:\users\rayen\documents\github\project\c++ projects\chat application\chat application\x64\debug\chat application.vcxproj.suggestedbindingredirects.cache
c:\users\rayen\documents\github\project\c++ projects\chat application\x64\debug\chat application.pdb
c:\users\rayen\documents\github\project\c++ projects\chat application\chat application\x64\debug\chat application.tlog\chat application.write.1u.tlog
c:\users\rayen\documents\github\project\c++ projects\chat application\chat application\x64\debug\chat application.tlog\cl.command.1.tlog
c:\users\rayen\documents\github\project\c++ projects\chat application\chat application\x64\debug\chat application.tlog\cl.read.1.tlog
c:\users\rayen\documents\github\project\c++ projects\chat application\chat application\x64\debug\chat application.tlog\cl.write.1.tlog
c:\users\rayen\documents\github\project\c++ projects\chat application\chat application\x64\debug\chat application.tlog\link.10628-cvtres.read.1.tlog
c:\users\rayen\documents\github\project\c++ projects\chat application\chat application\x64\debug\chat application.tlog\link.10628-cvtres.write.1.tlog
c:\users\rayen\documents\github\project\c++ projects\chat application\chat application\x64\debug\chat application.tlog\link.10628-rc.read.1.tlog
c:\users\rayen\documents\github\project\c++ projects\chat application\chat application\x64\debug\chat application.tlog\link.10628-rc.write.1.tlog
c:\users\rayen\documents\github\project\c++ projects\chat application\chat application\x64\debug\chat application.tlog\link.10628.read.1.tlog
c:\users\rayen\documents\github\project\c++ projects\chat application\chat application\x64\debug\chat application.tlog\link.10628.read.2.tlog
c:\users\rayen\documents\github\project\c++ projects\chat application\chat application\x64\debug\chat application.tlog\link.10628.write.1.tlog
c:\users\rayen\documents\github\project\c++ projects\chat application\chat application\x64\debug\chat application.tlog\link.8396-cvtres.read.1.tlog
c:\users\rayen\documents\github\project\c++ projects\chat application\chat application\x64\debug\chat application.tlog\link.8396-cvtres.write.1.tlog
c:\users\rayen\documents\github\project\c++ projects\chat application\chat application\x64\debug\chat application.tlog\link.8396-rc.read.1.tlog
c:\users\rayen\documents\github\project\c++ projects\chat application\chat application\x64\debug\chat application.tlog\link.8396-rc.write.1.tlog
c:\users\rayen\documents\github\project\c++ projects\chat application\chat application\x64\debug\chat application.tlog\link.8396.read.1.tlog
c:\users\rayen\documents\github\project\c++ projects\chat application\chat application\x64\debug\chat application.tlog\link.8396.read.2.tlog
c:\users\rayen\documents\github\project\c++ projects\chat application\chat application\x64\debug\chat application.tlog\link.8396.write.1.tlog
c:\users\rayen\documents\github\project\c++ projects\chat application\chat application\x64\debug\chat application.tlog\link.command.1.tlog
c:\users\rayen\documents\github\project\c++ projects\chat application\chat application\x64\debug\chat application.tlog\link.read.1.tlog
c:\users\rayen\documents\github\project\c++ projects\chat application\chat application\x64\debug\chat application.tlog\link.read.2.tlog
c:\users\rayen\documents\github\project\c++ projects\chat application\chat application\x64\debug\chat application.tlog\link.write.1.tlog
c:\users\rayen\documents\github\project\c++ projects\chat application\chat application\x64\debug\chat application.tlog\metagen.read.1.tlog
c:\users\rayen\documents\github\project\c++ projects\chat application\chat application\x64\debug\chat application.tlog\metagen.write.1.tlog
